# JRE version: OpenJDK Runtime Environment (16.0.2+7) (build 16.0.2+7-67)
# Java VM: OpenJDK 64-Bit Server VM (16.0.2+7-67, mixed mode, tiered, compressed oops, compressed class ptrs, g1 gc, windows-amd64)
GC Precious Log:
 CPUs: 8 total, 8 available
 Memory: 7778M
 Large Page Support: Disabled
 NUMA Support: Disabled
 Compressed Oops: Enabled (32-bit)
 Heap Region Size: 1M
 Heap Min Capacity: 8M
 Heap Initial Capacity: 122M
 Heap Max Capacity: 1946M
 Pre-touch: Disabled
 Parallel Workers: 8
 Concurrent Workers: 2
 Concurrent Refinement Workers: 8
 Periodic GC: Disabled
Heap:
 garbage-first heap   total 124928K, used 16668K [0x0000000086600000, 0x0000000100000000)
  region size 1024K, 15 young (15360K), 2 survivors (2048K)
 Metaspace       used 15616K, committed 15808K, reserved 1064960K
  class space    used 1275K, committed 1408K, reserved 1048576K
GC Heap History (20 events):
Event: 28.089 GC heap before
{Heap before GC invocations=1 (full 0):
 garbage-first heap   total 124928K, used 35021K [0x0000000086600000, 0x0000000100000000)
  region size 1024K, 34 young (34816K), 3 survivors (3072K)
 Metaspace       used 15610K, committed 15808K, reserved 1064960K
  class space    used 1275K, committed 1408K, reserved 1048576K
}
Event: 28.093 GC heap after
{Heap after GC invocations=2 (full 0):
 garbage-first heap   total 124928K, used 4466K [0x0000000086600000, 0x0000000100000000)
  region size 1024K, 2 young (2048K), 2 survivors (2048K)
 Metaspace       used 15610K, committed 15808K, reserved 1064960K
  class space    used 1275K, committed 1408K, reserved 1048576K
}
Event: 31.129 GC heap before
{Heap before GC invocations=2 (full 0):
 garbage-first heap   total 124928K, used 77170K [0x0000000086600000, 0x0000000100000000)
  region size 1024K, 73 young (74752K), 2 survivors (2048K)
 Metaspace       used 15610K, committed 15808K, reserved 1064960K
  class space    used 1275K, committed 1408K, reserved 1048576K
}
Event: 31.132 GC heap after
{Heap after GC invocations=3 (full 0):
 garbage-first heap   total 124928K, used 4437K [0x0000000086600000, 0x0000000100000000)
  region size 1024K, 2 young (2048K), 2 survivors (2048K)
 Metaspace       used 15610K, committed 15808K, reserved 1064960K
  class space    used 1275K, committed 1408K, reserved 1048576K
}
Event: 36.930 GC heap before
{Heap before GC invocations=3 (full 0):
 garbage-first heap   total 124928K, used 77141K [0x0000000086600000, 0x0000000100000000)
  region size 1024K, 73 young (74752K), 2 survivors (2048K)
 Metaspace       used 15610K, committed 15808K, reserved 1064960K
  class space    used 1275K, committed 1408K, reserved 1048576K
}
Event: 36.933 GC heap after
{Heap after GC invocations=4 (full 0):
 garbage-first heap   total 124928K, used 4367K [0x0000000086600000, 0x0000000100000000)
  region size 1024K, 2 young (2048K), 2 survivors (2048K)
 Metaspace       used 15610K, committed 15808K, reserved 1064960K
  class space    used 1275K, committed 1408K, reserved 1048576K
}
Event: 45.107 GC heap before
{Heap before GC invocations=4 (full 0):
 garbage-first heap   total 124928K, used 77071K [0x0000000086600000, 0x0000000100000000)
  region size 1024K, 73 young (74752K), 2 survivors (2048K)
 Metaspace       used 15610K, committed 15808K, reserved 1064960K
  class space    used 1275K, committed 1408K, reserved 1048576K
}
Event: 45.110 GC heap after
{Heap after GC invocations=5 (full 0):
 garbage-first heap   total 124928K, used 4292K [0x0000000086600000, 0x0000000100000000)
  region size 1024K, 2 young (2048K), 2 survivors (2048K)
 Metaspace       used 15610K, committed 15808K, reserved 1064960K
  class space    used 1275K, committed 1408K, reserved 1048576K
}
Event: 53.971 GC heap before
{Heap before GC invocations=5 (full 0):
 garbage-first heap   total 124928K, used 76996K [0x0000000086600000, 0x0000000100000000)
  region size 1024K, 73 young (74752K), 2 survivors (2048K)
 Metaspace       used 15616K, committed 15808K, reserved 1064960K
  class space    used 1275K, committed 1408K, reserved 1048576K
}
Event: 53.975 GC heap after
{Heap after GC invocations=6 (full 0):
 garbage-first heap   total 124928K, used 4369K [0x0000000086600000, 0x0000000100000000)
  region size 1024K, 2 young (2048K), 2 survivors (2048K)
 Metaspace       used 15616K, committed 15808K, reserved 1064960K
  class space    used 1275K, committed 1408K, reserved 1048576K
}
Event: 63.368 GC heap before
{Heap before GC invocations=6 (full 0):
 garbage-first heap   total 124928K, used 77073K [0x0000000086600000, 0x0000000100000000)
  region size 1024K, 73 young (74752K), 2 survivors (2048K)
 Metaspace       used 15616K, committed 15808K, reserved 1064960K
  class space    used 1275K, committed 1408K, reserved 1048576K
}
Event: 63.372 GC heap after
{Heap after GC invocations=7 (full 0):
 garbage-first heap   total 124928K, used 4358K [0x0000000086600000, 0x0000000100000000)
  region size 1024K, 2 young (2048K), 2 survivors (2048K)
 Metaspace       used 15616K, committed 15808K, reserved 1064960K
  class space    used 1275K, committed 1408K, reserved 1048576K
}
Event: 73.592 GC heap before
{Heap before GC invocations=7 (full 0):
 garbage-first heap   total 124928K, used 77062K [0x0000000086600000, 0x0000000100000000)
  region size 1024K, 73 young (74752K), 2 survivors (2048K)
 Metaspace       used 15616K, committed 15808K, reserved 1064960K
  class space    used 1275K, committed 1408K, reserved 1048576K
}
Event: 73.595 GC heap after
{Heap after GC invocations=8 (full 0):
 garbage-first heap   total 124928K, used 4335K [0x0000000086600000, 0x0000000100000000)
  region size 1024K, 2 young (2048K), 2 survivors (2048K)
 Metaspace       used 15616K, committed 15808K, reserved 1064960K
  class space    used 1275K, committed 1408K, reserved 1048576K
}
Event: 84.451 GC heap before
{Heap before GC invocations=8 (full 0):
 garbage-first heap   total 124928K, used 77039K [0x0000000086600000, 0x0000000100000000)
  region size 1024K, 73 young (74752K), 2 survivors (2048K)
 Metaspace       used 15616K, committed 15808K, reserved 1064960K
  class space    used 1275K, committed 1408K, reserved 1048576K
}
Event: 84.455 GC heap after
{Heap after GC invocations=9 (full 0):
 garbage-first heap   total 124928K, used 4338K [0x0000000086600000, 0x0000000100000000)
  region size 1024K, 2 young (2048K), 2 survivors (2048K)
 Metaspace       used 15616K, committed 15808K, reserved 1064960K
  class space    used 1275K, committed 1408K, reserved 1048576K
}
Event: 95.806 GC heap before
{Heap before GC invocations=9 (full 0):
 garbage-first heap   total 124928K, used 77042K [0x0000000086600000, 0x0000000100000000)
  region size 1024K, 73 young (74752K), 2 survivors (2048K)
 Metaspace       used 15616K, committed 15808K, reserved 1064960K
  class space    used 1275K, committed 1408K, reserved 1048576K
}
Event: 95.810 GC heap after
{Heap after GC invocations=10 (full 0):
 garbage-first heap   total 124928K, used 4330K [0x0000000086600000, 0x0000000100000000)
  region size 1024K, 2 young (2048K), 2 survivors (2048K)
 Metaspace       used 15616K, committed 15808K, reserved 1064960K
  class space    used 1275K, committed 1408K, reserved 1048576K
}
Event: 117.517 GC heap before
{Heap before GC invocations=10 (full 0):
 garbage-first heap   total 124928K, used 77034K [0x0000000086600000, 0x0000000100000000)
  region size 1024K, 73 young (74752K), 2 survivors (2048K)
 Metaspace       used 15616K, committed 15808K, reserved 1064960K
  class space    used 1275K, committed 1408K, reserved 1048576K
}
Event: 117.524 GC heap after
{Heap after GC invocations=11 (full 0):
 garbage-first heap   total 124928K, used 4380K [0x0000000086600000, 0x0000000100000000)
  region size 1024K, 2 young (2048K), 2 survivors (2048K)
 Metaspace       used 15616K, committed 15808K, reserved 1064960K
  class space    used 1275K, committed 1408K, reserved 1048576K
}

